Added Component: Designator=TP1(testPoint)
Add component (AddParameter): Name = "Farnell"; Value = "1702006"; VariantName = "[No Variations]"
Add component (AddParameter): Name = "Value"; Value = "Test point"; VariantName = "[No Variations]"
Added Component: Designator=TP2(testPoint)
Add component (AddParameter): Name = "Farnell"; Value = "1702006"; VariantName = "[No Variations]"
Add component (AddParameter): Name = "Value"; Value = "Test point"; VariantName = "[No Variations]"
Added Component: Designator=TP3(testPoint)
Add component (AddParameter): Name = "Farnell"; Value = "1702006"; VariantName = "[No Variations]"
Add component (AddParameter): Name = "Value"; Value = "Test point"; VariantName = "[No Variations]"
Added Component: Designator=TP4(testPoint)
Add component (AddParameter): Name = "Farnell"; Value = "1702006"; VariantName = "[No Variations]"
Add component (AddParameter): Name = "Value"; Value = "Test point"; VariantName = "[No Variations]"
Added Component: Designator=TP5(testPoint)
Add component (AddParameter): Name = "Farnell"; Value = "1702006"; VariantName = "[No Variations]"
Add component (AddParameter): Name = "Value"; Value = "Test point"; VariantName = "[No Variations]"
Added Component: Designator=TP6(testPoint)
Add component (AddParameter): Name = "Farnell"; Value = "1702006"; VariantName = "[No Variations]"
Add component (AddParameter): Name = "Value"; Value = "Test point"; VariantName = "[No Variations]"
Added Component: Designator=TP7(testPoint)
Add component (AddParameter): Name = "Farnell"; Value = "1702006"; VariantName = "[No Variations]"
Add component (AddParameter): Name = "Value"; Value = "Test point"; VariantName = "[No Variations]"
Added Component: Designator=TP8(testPoint)
Add component (AddParameter): Name = "Farnell"; Value = "1702006"; VariantName = "[No Variations]"
Add component (AddParameter): Name = "Value"; Value = "Test point"; VariantName = "[No Variations]"
Added Component: Designator=TP9(testPoint)
Add component (AddParameter): Name = "Farnell"; Value = "1702006"; VariantName = "[No Variations]"
Add component (AddParameter): Name = "Value"; Value = "Test point"; VariantName = "[No Variations]"
Added Component: Designator=TP10(testPoint)
Add component (AddParameter): Name = "Farnell"; Value = "1702006"; VariantName = "[No Variations]"
Add component (AddParameter): Name = "Value"; Value = "Test point"; VariantName = "[No Variations]"
Added Component: Designator=TP11(testPoint)
Add component (AddParameter): Name = "Farnell"; Value = "1702006"; VariantName = "[No Variations]"
Add component (AddParameter): Name = "Value"; Value = "Test point"; VariantName = "[No Variations]"
Added Component: Designator=TP12(testPoint)
Add component (AddParameter): Name = "Farnell"; Value = "1702006"; VariantName = "[No Variations]"
Add component (AddParameter): Name = "Value"; Value = "Test point"; VariantName = "[No Variations]"
Added Component: Designator=TP13(testPoint)
Add component (AddParameter): Name = "Farnell"; Value = "1702006"; VariantName = "[No Variations]"
Add component (AddParameter): Name = "Value"; Value = "Test point"; VariantName = "[No Variations]"
Added Component: Designator=TP14(testPoint)
Add component (AddParameter): Name = "Farnell"; Value = "1702006"; VariantName = "[No Variations]"
Add component (AddParameter): Name = "Value"; Value = "Test point"; VariantName = "[No Variations]"
Added Component: Designator=TP15(testPoint)
Add component (AddParameter): Name = "Farnell"; Value = "1702006"; VariantName = "[No Variations]"
Add component (AddParameter): Name = "Value"; Value = "Test point"; VariantName = "[No Variations]"
Added Component: Designator=TP16(testPoint)
Add component (AddParameter): Name = "Farnell"; Value = "1702006"; VariantName = "[No Variations]"
Add component (AddParameter): Name = "Value"; Value = "Test point"; VariantName = "[No Variations]"
Added Component: Designator=TP17(testPoint)
Add component (AddParameter): Name = "Farnell"; Value = "1702006"; VariantName = "[No Variations]"
Add component (AddParameter): Name = "Value"; Value = "Test point"; VariantName = "[No Variations]"
Added Component: Designator=TP18(testPoint)
Add component (AddParameter): Name = "Farnell"; Value = "1702006"; VariantName = "[No Variations]"
Add component (AddParameter): Name = "Value"; Value = "Test point"; VariantName = "[No Variations]"
Added Component: Designator=TP19(testPoint)
Add component (AddParameter): Name = "Farnell"; Value = "1702006"; VariantName = "[No Variations]"
Add component (AddParameter): Name = "Value"; Value = "Test point"; VariantName = "[No Variations]"
Added Component: Designator=TP20(testPoint)
Add component (AddParameter): Name = "Farnell"; Value = "1702006"; VariantName = "[No Variations]"
Add component (AddParameter): Name = "Value"; Value = "Test point"; VariantName = "[No Variations]"
Added Component: Designator=TP21(testPoint)
Add component (AddParameter): Name = "Farnell"; Value = "1702006"; VariantName = "[No Variations]"
Add component (AddParameter): Name = "Value"; Value = "Test point"; VariantName = "[No Variations]"
Added Component: Designator=TP22(testPoint)
Add component (AddParameter): Name = "Farnell"; Value = "1702006"; VariantName = "[No Variations]"
Add component (AddParameter): Name = "Value"; Value = "Test point"; VariantName = "[No Variations]"
Added Component: Designator=TP23(testPoint)
Add component (AddParameter): Name = "Farnell"; Value = "1702006"; VariantName = "[No Variations]"
Add component (AddParameter): Name = "Value"; Value = "Test point"; VariantName = "[No Variations]"
Added Component: Designator=TP24(testPoint)
Add component (AddParameter): Name = "Farnell"; Value = "1702006"; VariantName = "[No Variations]"
Add component (AddParameter): Name = "Value"; Value = "Test point"; VariantName = "[No Variations]"
Added Component: Designator=TP25(testPoint)
Add component (AddParameter): Name = "Farnell"; Value = "1702006"; VariantName = "[No Variations]"
Add component (AddParameter): Name = "Value"; Value = "Test point"; VariantName = "[No Variations]"
Added Component: Designator=TP26(testPoint)
Add component (AddParameter): Name = "Farnell"; Value = "1702006"; VariantName = "[No Variations]"
Add component (AddParameter): Name = "Value"; Value = "Test point"; VariantName = "[No Variations]"
Added Component: Designator=TP27(testPoint)
Add component (AddParameter): Name = "Farnell"; Value = "1702006"; VariantName = "[No Variations]"
Add component (AddParameter): Name = "Value"; Value = "Test point"; VariantName = "[No Variations]"
Added Component: Designator=TP28(testPoint)
Add component (AddParameter): Name = "Farnell"; Value = "1702006"; VariantName = "[No Variations]"
Add component (AddParameter): Name = "Value"; Value = "Test point"; VariantName = "[No Variations]"
Added Component: Designator=TP29(testPoint)
Add component (AddParameter): Name = "Farnell"; Value = "1702006"; VariantName = "[No Variations]"
Add component (AddParameter): Name = "Value"; Value = "Test point"; VariantName = "[No Variations]"
Added Component: Designator=TP30(testPoint)
Add component (AddParameter): Name = "Farnell"; Value = "1702006"; VariantName = "[No Variations]"
Add component (AddParameter): Name = "Value"; Value = "Test point"; VariantName = "[No Variations]"
Added Component: Designator=TP31(testPoint)
Add component (AddParameter): Name = "Farnell"; Value = "1702006"; VariantName = "[No Variations]"
Add component (AddParameter): Name = "Value"; Value = "Test point"; VariantName = "[No Variations]"
Added Component: Designator=TP32(testPoint)
Add component (AddParameter): Name = "Farnell"; Value = "1702006"; VariantName = "[No Variations]"
Add component (AddParameter): Name = "Value"; Value = "Test point"; VariantName = "[No Variations]"
Added Component: Designator=TP33(testPoint)
Add component (AddParameter): Name = "Farnell"; Value = "1702006"; VariantName = "[No Variations]"
Add component (AddParameter): Name = "Value"; Value = "Test point"; VariantName = "[No Variations]"
Added Pin To Net: NetName=IN_P1 Pin=TP1-0
Added Pin To Net: NetName=IN_N1 Pin=TP2-0
Added Pin To Net: NetName=NetP5_1 Pin=TP3-0
Added Pin To Net: NetName=NetC15_1 Pin=TP4-0
Added Pin To Net: NetName=IN_P2 Pin=TP5-0
Added Pin To Net: NetName=IN_N2 Pin=TP6-0
Added Pin To Net: NetName=IN_P3 Pin=TP7-0
Added Pin To Net: NetName=IN_N3 Pin=TP8-0
Added Pin To Net: NetName=IN_P4 Pin=TP9-0
Added Pin To Net: NetName=IN_N4 Pin=TP10-0
Added Pin To Net: NetName=IN_P5 Pin=TP11-0
Added Pin To Net: NetName=IN_N5 Pin=TP12-0
Added Pin To Net: NetName=IN_P6 Pin=TP13-0
Added Pin To Net: NetName=IN_N6 Pin=TP14-0
Added Pin To Net: NetName=VREF+ Pin=TP15-0
Added Pin To Net: NetName=IN_P7 Pin=TP16-0
Added Pin To Net: NetName=IN_N7 Pin=TP17-0
Added Pin To Net: NetName=IN_P8 Pin=TP18-0
Added Pin To Net: NetName=IN_N8 Pin=TP19-0
Added Pin To Net: NetName=3V3_ADS Pin=TP20-0
Added Pin To Net: NetName=3V3_ADS Pin=TP21-0
Added Pin To Net: NetName=AGND Pin=TP22-0
Added Pin To Net: NetName=AVSS Pin=TP23-0
Added Pin To Net: NetName=5V_A Pin=TP24-0
Added Pin To Net: NetName=5V_A Pin=TP25-0
Added Pin To Net: NetName=SPI_DRDY Pin=TP26-0
Added Pin To Net: NetName=C\S\_ADS Pin=TP27-0
Added Pin To Net: NetName=MISO_ADS Pin=TP28-0
Added Pin To Net: NetName=MOSI_ADS Pin=TP29-0
Added Pin To Net: NetName=SCK_ADS Pin=TP30-0
Added Pin To Net: NetName=R\S\T\_ADS Pin=TP31-0
Added Pin To Net: NetName=P\D\W\N\_ADS Pin=TP32-0
Added Pin To Net: NetName=START_ADS Pin=TP33-0
Added Member To Class: ClassName=U_ads1299 Member=Component TP1 Test Point
Added Member To Class: ClassName=U_ads1299 Member=Component TP2 Test Point
Added Member To Class: ClassName=U_ads1299 Member=Component TP3 Test Point
Added Member To Class: ClassName=U_ads1299 Member=Component TP4 Test Point
Added Member To Class: ClassName=U_ads1299 Member=Component TP5 Test Point
Added Member To Class: ClassName=U_ads1299 Member=Component TP6 Test Point
Added Member To Class: ClassName=U_ads1299 Member=Component TP7 Test Point
Added Member To Class: ClassName=U_ads1299 Member=Component TP8 Test Point
Added Member To Class: ClassName=U_ads1299 Member=Component TP9 Test Point
Added Member To Class: ClassName=U_ads1299 Member=Component TP10 Test Point
Added Member To Class: ClassName=U_ads1299 Member=Component TP11 Test Point
Added Member To Class: ClassName=U_ads1299 Member=Component TP12 Test Point
Added Member To Class: ClassName=U_ads1299 Member=Component TP13 Test Point
Added Member To Class: ClassName=U_ads1299 Member=Component TP14 Test Point
Added Member To Class: ClassName=U_ads1299 Member=Component TP15 Test Point
Added Member To Class: ClassName=U_ads1299 Member=Component TP16 Test Point
Added Member To Class: ClassName=U_ads1299 Member=Component TP17 Test Point
Added Member To Class: ClassName=U_ads1299 Member=Component TP18 Test Point
Added Member To Class: ClassName=U_ads1299 Member=Component TP19 Test Point
Added Member To Class: ClassName=bme_ads1299 Member=Component TP20 Test Point
Added Member To Class: ClassName=bme_ads1299 Member=Component TP21 Test Point
Added Member To Class: ClassName=bme_ads1299 Member=Component TP22 Test Point
Added Member To Class: ClassName=bme_ads1299 Member=Component TP23 Test Point
Added Member To Class: ClassName=bme_ads1299 Member=Component TP24 Test Point
Added Member To Class: ClassName=bme_ads1299 Member=Component TP25 Test Point
Added Member To Class: ClassName=bme_ads1299 Member=Component TP26 Test Point
Added Member To Class: ClassName=bme_ads1299 Member=Component TP27 Test Point
Added Member To Class: ClassName=bme_ads1299 Member=Component TP28 Test Point
Added Member To Class: ClassName=bme_ads1299 Member=Component TP29 Test Point
Added Member To Class: ClassName=bme_ads1299 Member=Component TP30 Test Point
Added Member To Class: ClassName=bme_ads1299 Member=Component TP31 Test Point
Added Member To Class: ClassName=bme_ads1299 Member=Component TP32 Test Point
Added Member To Class: ClassName=bme_ads1299 Member=Component TP33 Test Point
Added Room: Name=bme_ads1299
