Added Parameter Order number= to Part P5
Added Parameter Order number= to Part R1
Added Parameter Order number= to Part R2
Added Parameter Order number= to Part R3
Added Parameter Order number= to Part R4
Added Parameter Order number= to Part R5
Added Parameter Order number= to Part R6
Added Parameter Order number= to Part R7
Added Parameter Order number= to Part R8
Added Parameter Order number= to Part R9
Added Parameter Order number= to Part R10
Added Parameter Order number= to Part R11
Added Parameter Order number= to Part R12
Added Parameter Order number= to Part R13
Added Parameter Order number= to Part R14
Added Parameter Order number= to Part R15
Added Parameter Order number= to Part R16
Added Parameter Order number= to Part R17
Added Parameter Order number= to Part R19
Added Parameter Order number= to Part R20
Added Parameter Order number= to Part R21
Added Parameter Order number= to Part R22
Added Parameter Order number= to Part R23
Added Parameter Order number= to Part R25
Added Parameter Order number= to Part R26
Added Parameter Order number= to Part R27
Added Parameter Order number= to Part R67
Added Parameter Order number= to Part R68
Added Parameter Order number= to Part TP1
Added Parameter Order number= to Part TP2
Added Parameter Order number= to Part TP3
Added Parameter Order number= to Part TP4
Added Parameter Order number= to Part TP5
Added Parameter Order number= to Part TP6
Added Parameter Order number= to Part TP7
Added Parameter Order number= to Part TP8
Added Parameter Order number= to Part TP9
Added Parameter Order number= to Part TP10
Added Parameter Order number= to Part TP11
Added Parameter Order number= to Part TP12
Added Parameter Order number= to Part TP13
Added Parameter Order number= to Part TP14
Added Parameter Order number= to Part TP15
Added Parameter Order number= to Part TP16
Added Parameter Order number= to Part TP17
Added Parameter Order number= to Part TP18
Added Parameter Order number= to Part TP19
Added Parameter Order number= to Part U1
Added Parameter Order number= to Part U10
Added Parameter Supplier= to Part P5
Added Parameter Supplier= to Part R1
Added Parameter Supplier= to Part R2
Added Parameter Supplier= to Part R3
Added Parameter Supplier= to Part R4
Added Parameter Supplier= to Part R5
Added Parameter Supplier= to Part R6
Added Parameter Supplier= to Part R7
Added Parameter Supplier= to Part R8
Added Parameter Supplier= to Part R9
Added Parameter Supplier= to Part R10
Added Parameter Supplier= to Part R11
Added Parameter Supplier= to Part R12
Added Parameter Supplier= to Part R13
Added Parameter Supplier= to Part R14
Added Parameter Supplier= to Part R15
Added Parameter Supplier= to Part R16
Added Parameter Supplier= to Part R17
Added Parameter Supplier= to Part R19
Added Parameter Supplier= to Part R20
Added Parameter Supplier= to Part R21
Added Parameter Supplier= to Part R22
Added Parameter Supplier= to Part R23
Added Parameter Supplier= to Part R25
Added Parameter Supplier= to Part R26
Added Parameter Supplier= to Part R27
Added Parameter Supplier= to Part R67
Added Parameter Supplier= to Part R68
Added Parameter Supplier= to Part TP1
Added Parameter Supplier= to Part TP2
Added Parameter Supplier= to Part TP3
Added Parameter Supplier= to Part TP4
Added Parameter Supplier= to Part TP5
Added Parameter Supplier= to Part TP6
Added Parameter Supplier= to Part TP7
Added Parameter Supplier= to Part TP8
Added Parameter Supplier= to Part TP9
Added Parameter Supplier= to Part TP10
Added Parameter Supplier= to Part TP11
Added Parameter Supplier= to Part TP12
Added Parameter Supplier= to Part TP13
Added Parameter Supplier= to Part TP14
Added Parameter Supplier= to Part TP15
Added Parameter Supplier= to Part TP16
Added Parameter Supplier= to Part TP17
Added Parameter Supplier= to Part TP18
Added Parameter Supplier= to Part TP19
Added Parameter Supplier= to Part U1
Added Parameter Supplier= to Part U10
